2017/05/31 19:51:53 [error] [system.db.CDbCommand] CDbCommand::execute() failed: SQLSTATE[22007]: Invalid datetime format: 1292 Incorrect datetime value: '' for column 'create_time' at row 1. The SQL statement executed was: INSERT INTO `tbl_project` (`name`, `description`, `create_time`, `create_user_id`, `update_time`, `update_user_id`) VALUES (:yp0, :yp1, :yp2, :yp3, :yp4, :yp5).
in C:\wamp\www\yii\trackstar\protected\controllers\ProjectController.php (73)
in C:\wamp\www\yii\trackstar\index.php (13)
2017/05/31 19:51:53 [error] [exception.CDbException] exception 'CDbException' with message 'CDbCommand failed to execute the SQL statement: SQLSTATE[22007]: Invalid datetime format: 1292 Incorrect datetime value: '' for column 'create_time' at row 1. The SQL statement executed was: INSERT INTO `tbl_project` (`name`, `description`, `create_time`, `create_user_id`, `update_time`, `update_user_id`) VALUES (:yp0, :yp1, :yp2, :yp3, :yp4, :yp5)' in C:\wamp\www\yii\framework\db\CDbCommand.php:358
Stack trace:
#0 C:\wamp\www\yii\framework\db\ar\CActiveRecord.php(1077): CDbCommand->execute()
#1 C:\wamp\www\yii\framework\db\ar\CActiveRecord.php(806): CActiveRecord->insert(NULL)
#2 C:\wamp\www\yii\trackstar\protected\controllers\ProjectController.php(73): CActiveRecord->save()
#3 C:\wamp\www\yii\framework\web\actions\CInlineAction.php(49): ProjectController->actionCreate()
#4 C:\wamp\www\yii\framework\web\CController.php(308): CInlineAction->runWithParams(Array)
#5 C:\wamp\www\yii\framework\web\filters\CFilterChain.php(133): CController->runAction(Object(CInlineAction))
#6 C:\wamp\www\yii\framework\web\filters\CFilter.php(40): CFilterChain->run()
#7 C:\wamp\www\yii\framework\web\CController.php(1145): CFilter->filter(Object(CFilterChain))
#8 C:\wamp\www\yii\framework\web\filters\CInlineFilter.php(58): CController->filterAccessControl(Object(CFilterChain))
#9 C:\wamp\www\yii\framework\web\filters\CFilterChain.php(130): CInlineFilter->filter(Object(CFilterChain))
#10 C:\wamp\www\yii\framework\web\CController.php(291): CFilterChain->run()
#11 C:\wamp\www\yii\framework\web\CController.php(265): CController->runActionWithFilters(Object(CInlineAction), Array)
#12 C:\wamp\www\yii\framework\web\CWebApplication.php(282): CController->run('create')
#13 C:\wamp\www\yii\framework\web\CWebApplication.php(141): CWebApplication->runController('project/create')
#14 C:\wamp\www\yii\framework\base\CApplication.php(180): CWebApplication->processRequest()
#15 C:\wamp\www\yii\trackstar\index.php(13): CApplication->run()
#16 {main}
REQUEST_URI=/yii/trackstar/project/create
HTTP_REFERER=http://localhost/yii/trackstar/project/create
---
2017/06/01 19:53:56 [error] [exception.CHttpException.404] exception 'CHttpException' with message 'The system is unable to find the requested action "list".' in C:\wamp\www\yii\framework\web\CController.php:483
Stack trace:
#0 C:\wamp\www\yii\framework\web\CController.php(270): CController->missingAction('list')
#1 C:\wamp\www\yii\framework\web\CWebApplication.php(282): CController->run('list')
#2 C:\wamp\www\yii\framework\web\CWebApplication.php(141): CWebApplication->runController('issue/list')
#3 C:\wamp\www\yii\framework\base\CApplication.php(180): CWebApplication->processRequest()
#4 C:\wamp\www\yii\trackstar\index.php(13): CApplication->run()
#5 {main}
REQUEST_URI=/yii/trackstar/issue/list
---
